make all --print-data-base --no-builtin-variables --no-builtin-rules --question
# GNU Make 3.81
# Copyright (C) 2006  Free Software Foundation, Inc.
# This is free software; see the source for copying conditions.
# There is NO warranty; not even for MERCHANTABILITY or FITNESS FOR A
# PARTICULAR PURPOSE.

# This program built for i386-apple-darwin11.3.0
 

# Make data base, printed on Sun Jun  5 01:01:49 2022

# Variables

# automatic
<D = $(patsubst %/,%,$(dir $<))
# automatic
?F = $(notdir $?)
# environment
VSCODE_LOG_NATIVE = false
# automatic
?D = $(patsubst %/,%,$(dir $?))
# environment
PLATFORMIO_IDE = 2.4.3
# automatic
 
@D = $(patsubst %/,%,$(dir $@))
# automatic
@F = $(notdir $@)
# makefile
CURDIR := /Users/edvin/school/cursus/42_so_long
# makefile
SHELL = /bin/sh
# makefile (from `Makefile', line 41)
RM = rm -rf
# environment
VSCODE_NLS_CONFIG = {"locale":"en-gb","availableLanguages":{},"_languagePackSupport":true}
# makefile (from `Makefile', line 20)
MLX = -L ./mlx -lmlx -framework OpenGL -framework Appkit
# environment
_ = /usr/bin/make
# makefile (from `Makefile', line 40)
CFLAGS = -Wall -Werror -Wextra -MD 
# makefile (from `Makefile', line 36)
MDEPS = $(patsubst %.c,%.d,$(MSRC))
# makefile (from `Makefile', line 1)
MAKEFILE_LIST :=  Makefile
# `override' directive (from `Makefile', line 45)
OBJS_ALL = $(MOBJS)
# environment
VSCODE_VERBOSE_LOGGING = true
# environment
__CFBundleIdentifier = com.microsoft.VSCode
# environment
P9K_SSH = 0
# environment
VSCODE_IPC_HOOK_EXTHOST = /var/folders/tn/yrngk4r957d6qx82krd5nlgr0000gn/T/vscode-ipc-edac1f81-cc67-41df-83e4-84abdc22f5bf.sock
# environment
VSCODE_CWD = /
# environment
NO_PROXY = 127.0.0.1
# environment
LSCOLORS = Gxfxcxdxbxegedabagacad
# environment
LaunchInstanceID = ECAA929E-0399-4B02-A3F6-35A2716A123B
# environment
VSCODE_LOG_STACK = false
# environment
ELECTRON_RUN_AS_NODE = 1
# makefile (from `Makefile', line 18)
LIB = -L ./libft -lft
# default
.FEATURES := target-specific order-only second-expansion else-if archives jobserver check-symlink
# environment
SSH_AUTH_SOCK = /private/tmp/com.apple.launchd.wXdItophJ8/Listeners
# automatic
%F = $(notdir $%)
# makefile (from `Makefile', line 25)
BDIR = ./sources/bounus/
# environment
VSCODE_PIPE_LOGGING = true
# environment
PWD = /Users/edvin/school/cursus/42_so_long
# makefile (from `Makefile', line 34)
BOBJS = $(patsubst %.c,%.o,$(BSRC))
# `override' directive (from `Makefile', line 46)
DEP_ALL = $(DEPS)
# environment
ORIGINAL_XDG_CURRENT_DESKTOP = undefined
# environment
VSCODE_AMD_ENTRYPOINT = vs/workbench/api/node/extensionHostProcess
# environment
HOME = /Users/edvin
# makefile (from `Makefile', line 27)
MFLS = main.c errors.c init.c hooks.c map_read.c map_check.c utils.c render.c moves.c
# default
MAKEFILEPATH := /Applications/Xcode.app/Contents/Developer/Makefiles
# environment
VSCODE_CODE_CACHE_PATH = /Users/edvin/Library/Application Support/Code/CachedData/da15b6fd3ef856477bf6f4fb29ba1b7af717770d
# environment
LOGNAME = edvin
# environment
APPLICATION_INSIGHTS_NO_DIAGNOSTIC_CHANNEL = 1
# environment
ZSH = /Users/edvin/.oh-my-zsh
# environment
VSCODE_HANDLES_UNCAUGHT_ERRORS = true
# automatic
^D = $(patsubst %/,%,$(dir $^))
# makefile (from `Makefile', line 31)
BSRC = $(addprefix $(BDIR), $(BFLS))
# environment
PLATFORMIO_PATH = /Users/edvin/.platformio/penv/bin:/Users/edvin/.platformio/penv:/Users/edvin/.platformio/python3/bin:/usr/local/bin:/usr/bin:/bin:/usr/sbin:/sbin:/Library/Apple/usr/bin:/usr/local/opt/fzf/bin
# default
MAKE = $(MAKE_COMMAND)
# default
MAKECMDGOALS := all
# environment
PATH = /usr/local/bin:/usr/bin:/bin:/usr/sbin:/sbin:/Library/Apple/usr/bin:/usr/local/opt/fzf/bin
# makefile (from `Makefile', line 24)
MDIR = ./sources/mandatory/
# environment
SHLVL = 1
# environment
XPC_FLAGS = 0x0
# makefile (from `Makefile', line 19)
LIBFT = libft.a
# makefile (from `Makefile', line 39)
CC = cc
# default
MAKE_VERSION := 3.81
# environment
USER = edvin
# makefile
.DEFAULT_GOAL := all
# makefile (from `Makefile', line 13)
NAME = so_long
# makefile (from `Makefile', line 30)
MSRC = $(addprefix $(MDIR), $(MFLS))
 
# environment
LESS = -R
# automatic
%D = $(patsubst %/,%,$(dir $%))
# makefile (from `Makefile', line 21)
MLXLIB = mlx
# makefile (from `Makefile', line 33)
MOBJS = $(patsubst %.c,%.o,$(MSRC))
# default
MAKE_COMMAND := /Applications/Xcode.app/Contents/Developer/usr/bin/make
# makefile (from `Makefile', line 15)
INCLM = ./include/so_long.h
# default
.VARIABLES := 
# environment
TMPDIR = /var/folders/tn/yrngk4r957d6qx82krd5nlgr0000gn/T/
# automatic
*F = $(notdir $*)
# environment
VSCODE_IPC_HOOK = /Users/edvin/Library/Application Support/Code/1.67.1-main.sock
# makefile
MAKEFLAGS = Rrqp
# environment
MFLAGS = -Rrqp
# automatic
*D = $(patsubst %/,%,$(dir $*))
# environment
XPC_SERVICE_NAME = application.com.microsoft.VSCode.63391425.63391431
# automatic
+D = $(patsubst %/,%,$(dir $+))
# automatic
+F = $(notdir $+)
# environment
__CF_USER_TEXT_ENCODING = 0x1F5:0x0:0x0
# environment
COMMAND_MODE = unix2003
# makefile (from `Makefile', line 28)
BFLS = 
# default
MAKEFILES := 
# automatic
<F = $(notdir $<)
# environment
PLATFORMIO_CALLER = vscode
# environment
PAGER = less
# environment
LC_ALL = C
# environment
SECURITYSESSIONID = 186a3
# automatic
^F = $(notdir $^)
# default
SUFFIXES := 
# environment
SDKROOT = /Applications/Xcode.app/Contents/Developer/Platforms/MacOSX.platform/Developer/SDKs/MacOSX12.3.sdk
# default
.INCLUDE_DIRS = /usr/local/include
# makefile (from `Makefile', line 37)
BDEPS = $(patsubst %.c,%.d,$(BSRC))
# environment
MAKELEVEL := 0
# environment
FZF_DEFAULT_OPTS = --height 40% --reverse
# environment
LANG = C
# makefile (from `Makefile', line 16)
INCLB = ./include/so_long_bonus.h
# environment
VSCODE_PID = 1454
# variable set hash-table stats:
# Load=97/1024=9%, Rehash=0, Collisions=19/143=13%

# Pattern-specific Variable Values

# No pattern-specific variable values.

# Directories

# . (device 16777220, inode 65246630): 14 files, no impossibilities.

# 14 files, no impossibilities in 1 directories.

# Implicit Rules

sources/mandatory/%.o: %.c Makefile libft/libft.a
#  commands to execute (from `Makefile', line 49):
	$(CC) $(CFLAGS) -Imlx -I $(INCLM) -c $< -o ${<:.c=.o}
	

sources/bonus/%.o: %.c Makefile libft/libft.a
#  commands to execute (from `Makefile', line 51):
	$(CC) $(CFLAGS) -Imlx -I $(INCLB) -c $< -o ${<:.c=.o}
	

# 2 implicit rules, 0 (0.0%) terminal.

# Files

# Not a target:
sources/mandatory/init.o:
#  Implicit rule search has not been done.
#  Modification time never checked.
#  File has not been updated.

all: libft.a mlx so_long
#  Phony target (prerequisite of .PHONY).
#  Command-line target.
#  Implicit rule search has not been done.
#  File does not exist.
#  File has been updated.
#  Needs to be updated (-q is set).
# variable set hash-table stats:
# Load=0/32=0%, Rehash=0, Collisions=0/2=0%

mlx:
#  Implicit rule search has not been done.
#  Modification time never checked.
#  File has not been updated.
#  commands to execute (from `Makefile', line 60):
	@make -C ./mlx
	

.PHONY: all clean fclean re bonus
#  Implicit rule search has not been done.
#  Modification time never checked.
#  File has not been updated.

# Not a target:
.SUFFIXES:
#  Implicit rule search has not been done.
#  Modification time never checked.
#  File has not been updated.

# Not a target:
Makefile:
#  Implicit rule search has been done.
#  Last modified 2022-06-05 01:01:29
#  File has been updated.
#  Successfully updated.
 
# variable set hash-table stats:
# Load=0/32=0%, Rehash=0, Collisions=0/0=0%

# Not a target:
sources/mandatory/moves.o:
#  Implicit rule search has not been done.
#  Modification time never checked.
#  File has not been updated.

libft.a:
#  Implicit rule search has not been done.
#  Implicit/static pattern stem: `'
#  File does not exist.
#  File has been updated.
#  Needs to be updated (-q is set).
# automatic
# @ := libft.a
# automatic
# % := 
# automatic
# * := 
# automatic
# + := 
# automatic
# | := 
# automatic
# < := 
# automatic
# ^ := 
# automatic
# ? := 
# variable set hash-table stats:
# Load=8/32=25%, Rehash=0, Collisions=1/10=10%
#  commands to execute (from `Makefile', line 57):
	@make -C ./libft
	

bonus: mlx libft.a
#  Phony target (prerequisite of .PHONY).
#  Implicit rule search has not been done.
#  File does not exist.
#  File has not been updated.
#  commands to execute (from `Makefile', line 67):
	@$(CC) $(BOBJS) $(LIB) $(MLX) -o $@
	

# Not a target:
sources/mandatory/hooks.o:
#  Implicit rule search has not been done.
#  Modification time never checked.
#  File has not been updated.

fclean: clean
#  Phony target (prerequisite of .PHONY).
#  Implicit rule search has not been done.
#  File does not exist.
#  File has not been updated.
#  commands to execute (from `Makefile', line 75):
	@make fclean -s -C ./libft
	@make re -s -C ./mlx
	$(RM) $(NAME)
	

# Not a target:
sources/mandatory/errors.o:
#  Implicit rule search has not been done.
#  Modification time never checked.
#  File has not been updated.

# Not a target:
.DEFAULT:
#  Implicit rule search has not been done.
#  Modification time never checked.
#  File has not been updated.

# Not a target:
sources/mandatory/main.o:
#  Implicit rule search has not been done.
#  Modification time never checked.
#  File has not been updated.

re: fclean all
#  Phony target (prerequisite of .PHONY).
#  Implicit rule search has not been done.
#  File does not exist.
#  File has not been updated.

clean:
#  Phony target (prerequisite of .PHONY).
#  Implicit rule search has not been done.
#  File does not exist.
#  File has not been updated.
#  commands to execute (from `Makefile', line 70):
	@make clean -s -C ./libft
	@make clean -s -C ./mlx
	$(RM) $(MOBJS) $(MDEPS) $(BOBJS) $(BDEPS)
	

# Not a target:
sources/mandatory/map_check.o:
#  Implicit rule search has not been done.
#  Modification time never checked.
#  File has not been updated.

# Not a target:
sources/mandatory/map_read.o:
#  Implicit rule search has not been done.
#  Modification time never checked.
#  File has not been updated.

so_long: mlx libft.a sources/mandatory/main.o sources/mandatory/errors.o sources/mandatory/init.o sources/mandatory/hooks.o sources/mandatory/map_read.o sources/mandatory/map_check.o sources/mandatory/utils.o sources/mandatory/render.o sources/mandatory/moves.o
#  Implicit rule search has not been done.
#  Modification time never checked.
#  File has not been updated.
#  commands to execute (from `Makefile', line 63):
	@make -s -C ./mlx
	@$(CC) $(MOBJS) $(LIB) $(MLX) -o $@
	

# Not a target:
sources/mandatory/render.o:
#  Implicit rule search has not been done.
#  Modification time never checked.
#  File has not been updated.

 
# Not a target:
sources/mandatory/utils.o:
#  Implicit rule search has not been done.
#  Modification time never checked.
#  File has not been updated.

# files hash-table stats:
# Load=21/1024=2%, Rehash=0, Collisions=2/59=3%
# VPATH Search Paths

# No `vpath' search paths.

# No general (`VPATH' variable) search path.

# # of strings in strcache: 1
# # of strcache buffers: 1
# strcache size: total = 4096 / max = 4096 / min = 4096 / avg = 4096
# strcache free: total = 4087 / max = 4087 / min = 4087 / avg = 4087

# Finished Make data base on Sun Jun  5 01:01:49 2022

 
